<?xml version="1.0" encoding="UTF-8"?>
<testng-results ignored="0" total="1" passed="1" failed="0" skipped="0">
  <reporter-output>
  </reporter-output>
  <suite started-at="2023-08-20T17:14:35 ECT" name="Add Product Suite" finished-at="2023-08-20T17:15:16 ECT" duration-ms="40157">
    <groups>
    </groups>
    <test started-at="2023-08-20T17:14:35 ECT" name="LoginTestChrome" finished-at="2023-08-20T17:15:16 ECT" duration-ms="40157">
      <class name="testsCases.PlaceOrderTest">
        <test-method is-config="true" signature="setUp()[pri:0, instance:testsCases.PlaceOrderTest@791f145a]" started-at="2023-08-20T17:14:36 ECT" name="setUp" finished-at="2023-08-20T17:14:42 ECT" duration-ms="6371" status="PASS">
          <reporter-output>
          </reporter-output>
        </test-method> <!-- setUp -->
        <test-method signature="TC_AddTwoItemsAndPlaceOrder()[pri:0, instance:testsCases.PlaceOrderTest@791f145a]" started-at="2023-08-20T17:14:42 ECT" name="TC_AddTwoItemsAndPlaceOrder" finished-at="2023-08-20T17:15:15 ECT" duration-ms="33475" status="PASS">
          <reporter-output>
          </reporter-output>
        </test-method> <!-- TC_AddTwoItemsAndPlaceOrder -->
        <test-method is-config="true" signature="tearDown()[pri:0, instance:testsCases.PlaceOrderTest@791f145a]" started-at="2023-08-20T17:15:15 ECT" name="tearDown" finished-at="2023-08-20T17:15:16 ECT" duration-ms="253" status="PASS">
          <reporter-output>
          </reporter-output>
        </test-method> <!-- tearDown -->
      </class> <!-- testsCases.PlaceOrderTest -->
    </test> <!-- LoginTestChrome -->
  </suite> <!-- Add Product Suite -->
</testng-results>
