<?xml version="1.0" encoding="UTF-8"?>
<testng-results ignored="0" total="1" passed="1" failed="0" skipped="0">
  <reporter-output>
  </reporter-output>
  <suite started-at="2023-08-20T19:33:12 ECT" name="Add Product Suite" finished-at="2023-08-20T19:34:04 ECT" duration-ms="52565">
    <groups>
    </groups>
    <test started-at="2023-08-20T19:33:12 ECT" name="LoginTestChrome" finished-at="2023-08-20T19:34:04 ECT" duration-ms="52565">
      <class name="testsCases.PlaceOrderTest">
        <test-method is-config="true" signature="setUp()[pri:0, instance:testsCases.PlaceOrderTest@cb0755b]" started-at="2023-08-20T19:33:12 ECT" name="setUp" finished-at="2023-08-20T19:33:19 ECT" duration-ms="7145" status="PASS">
          <reporter-output>
          </reporter-output>
        </test-method> <!-- setUp -->
        <test-method signature="TC_AddTwoItemsAndPlaceOrder()[pri:0, instance:testsCases.PlaceOrderTest@cb0755b]" started-at="2023-08-20T19:33:19 ECT" name="TC_AddTwoItemsAndPlaceOrder" finished-at="2023-08-20T19:34:04 ECT" duration-ms="45021" status="PASS">
          <reporter-output>
          </reporter-output>
        </test-method> <!-- TC_AddTwoItemsAndPlaceOrder -->
        <test-method is-config="true" signature="tearDown()[pri:0, instance:testsCases.PlaceOrderTest@cb0755b]" started-at="2023-08-20T19:34:04 ECT" name="tearDown" finished-at="2023-08-20T19:34:04 ECT" duration-ms="322" status="PASS">
          <reporter-output>
          </reporter-output>
        </test-method> <!-- tearDown -->
      </class> <!-- testsCases.PlaceOrderTest -->
    </test> <!-- LoginTestChrome -->
  </suite> <!-- Add Product Suite -->
</testng-results>
