<?xml version="1.0" encoding="UTF-8"?>
<testng-results ignored="0" total="1" passed="1" failed="0" skipped="0">
  <reporter-output>
  </reporter-output>
  <suite started-at="2023-08-20T11:39:24 ECT" name="Add Product Suite" finished-at="2023-08-20T11:40:03 ECT" duration-ms="38763">
    <groups>
    </groups>
    <test started-at="2023-08-20T11:39:24 ECT" name="LoginTestChrome" finished-at="2023-08-20T11:40:03 ECT" duration-ms="38763">
      <class name="testsCases.PlaceOrderTest">
        <test-method is-config="true" signature="setUp()[pri:0, instance:testsCases.PlaceOrderTest@3ba987b8]" started-at="2023-08-20T11:39:24 ECT" name="setUp" finished-at="2023-08-20T11:39:31 ECT" duration-ms="6974" status="PASS">
          <reporter-output>
          </reporter-output>
        </test-method> <!-- setUp -->
        <test-method signature="TC_AddTwoItemsAndPlaceOrder()[pri:0, instance:testsCases.PlaceOrderTest@3ba987b8]" started-at="2023-08-20T11:39:31 ECT" name="TC_AddTwoItemsAndPlaceOrder" finished-at="2023-08-20T11:40:02 ECT" duration-ms="31475" status="PASS">
          <reporter-output>
          </reporter-output>
        </test-method> <!-- TC_AddTwoItemsAndPlaceOrder -->
        <test-method is-config="true" signature="tearDown()[pri:0, instance:testsCases.PlaceOrderTest@3ba987b8]" started-at="2023-08-20T11:40:02 ECT" name="tearDown" finished-at="2023-08-20T11:40:03 ECT" duration-ms="265" status="PASS">
          <reporter-output>
          </reporter-output>
        </test-method> <!-- tearDown -->
      </class> <!-- testsCases.PlaceOrderTest -->
    </test> <!-- LoginTestChrome -->
  </suite> <!-- Add Product Suite -->
</testng-results>
